[debug] [2018-01-07T17:06:53.057Z] ----------------------------------------------------------------------
[debug] [2018-01-07T17:06:53.059Z] Command:       /home/igors/.nvm/versions/node/v8.9.4/bin/node /home/igors/.nvm/versions/node/v8.9.4/bin/firebase serve
[debug] [2018-01-07T17:06:53.060Z] CLI Version:   3.16.0
[debug] [2018-01-07T17:06:53.060Z] Platform:      linux
[debug] [2018-01-07T17:06:53.060Z] Node Version:  v8.9.4
[debug] [2018-01-07T17:06:53.060Z] Time:          Sun Jan 07 2018 18:06:53 GMT+0100 (STD)
[debug] [2018-01-07T17:06:53.060Z] ----------------------------------------------------------------------
[debug] 
[debug] [2018-01-07T17:06:53.071Z] > command requires scopes: ["email","openid","https://www.googleapis.com/auth/cloudplatformprojects.readonly","https://www.googleapis.com/auth/firebase","https://www.googleapis.com/auth/cloud-platform"]
[debug] [2018-01-07T17:06:53.071Z] > authorizing via signed-in user
[debug] [2018-01-07T17:06:53.074Z] >>> HTTP REQUEST GET https://admin.firebase.com/v1/projects/runners-tool  
  
 Sun Jan 07 2018 18:06:53 GMT+0100 (STD)
[debug] [2018-01-07T17:06:53.937Z] <<< HTTP RESPONSE 200
[debug] [2018-01-07T17:06:53.940Z] >>> HTTP REQUEST GET https://admin.firebase.com/v1/database/runners-tool/tokens  
  
 Sun Jan 07 2018 18:06:53 GMT+0100 (STD)
[debug] [2018-01-07T17:06:54.628Z] <<< HTTP RESPONSE 200
[info] 
[info] === Serving from '/mnt/d/scratch/caterpillar/converted/progrssiveapp_corsa-tool'...
[info] 
[debug] [2018-01-07T17:06:54.632Z] >>> HTTP REQUEST GET https://cloudresourcemanager.googleapis.com/v1/projects/runners-tool  
  
 Sun Jan 07 2018 18:06:54 GMT+0100 (STD)
[debug] [2018-01-07T17:06:55.633Z] <<< HTTP RESPONSE 200
[debug] [2018-01-07T17:06:55.639Z] >>> HTTP REQUEST GET https://mobilesdk-pa.googleapis.com/v1/projects/112021610272/clients/_:getWebAppConfig  
  
 Sun Jan 07 2018 18:06:55 GMT+0100 (STD)
[debug] [2018-01-07T17:06:56.523Z] <<< HTTP RESPONSE 200
[debug] [2018-01-07T17:06:56.552Z] TypeError: Cannot read property 'public' of undefined
    at Server.<anonymous> (/home/igors/.nvm/versions/node/v8.9.4/lib/node_modules/firebase-tools/lib/serve/hosting.js:34:18)
    at Object.onceWrapper (events.js:313:30)
    at emitNone (events.js:106:13)
    at Server.emit (events.js:208:7)
    at emitListeningNT (net.js:1378:10)
    at _combinedTickCallback (internal/process/next_tick.js:135:11)
    at process._tickDomainCallback (internal/process/next_tick.js:218:9)
[error] 
[error] Error: An unexpected error has occurred.
